11/29/2017 10:50:35 AM, Info: Initializing SIMPLSharp Services...
11/29/2017 10:50:35 AM, Info: ProjectInfo successfully initialized.
11/29/2017 10:50:46 AM, Info: Commiting verification transaction...
11/29/2017 10:50:46 AM, Info: Saving project information...
11/29/2017 10:57:08 AM, Info: Initializing SIMPLSharp Services...
11/29/2017 10:57:08 AM, Info: ProjectInfo successfully initialized.
11/29/2017 10:57:16 AM, Info: Commiting verification transaction...
11/29/2017 10:57:16 AM, Info: Saving project information...
11/29/2017 11:37:15 AM, Info: Initializing SIMPLSharp Services...
11/29/2017 11:37:15 AM, Info: ProjectInfo successfully initialized.
11/29/2017 11:37:20 AM, Info: Commiting verification transaction...
11/29/2017 11:37:20 AM, Info: Saving project information...
11/29/2017 11:43:17 AM, Info: Initializing SIMPLSharp Services...
11/29/2017 11:43:17 AM, Info: ProjectInfo successfully initialized.
11/29/2017 11:43:22 AM, Info: Commiting verification transaction...
11/29/2017 11:43:22 AM, Info: Saving project information...
11/29/2017 11:45:47 AM, Info: Initializing SIMPLSharp Services...
11/29/2017 11:45:47 AM, Info: ProjectInfo successfully initialized.
11/29/2017 11:45:52 AM, Info: Commiting verification transaction...
11/29/2017 11:45:52 AM, Info: Saving project information...
11/29/2017 11:50:12 AM, Info: Initializing SIMPLSharp Services...
11/29/2017 11:50:12 AM, Info: ProjectInfo successfully initialized.
11/29/2017 11:50:17 AM, Info: Commiting verification transaction...
11/29/2017 11:50:17 AM, Info: Saving project information...
11/29/2017 11:53:38 AM, Info: Initializing SIMPLSharp Services...
11/29/2017 11:53:38 AM, Info: ProjectInfo successfully initialized.
11/29/2017 11:53:43 AM, Info: Commiting verification transaction...
11/29/2017 11:53:43 AM, Info: Saving project information...
11/29/2017 11:53:55 AM, Info: Initializing SIMPLSharp Services...
11/29/2017 11:53:55 AM, Info: ProjectInfo successfully initialized.
11/29/2017 11:54:00 AM, Info: Commiting verification transaction...
11/29/2017 11:54:00 AM, Info: Saving project information...
11/29/2017 11:58:14 AM, Info: Initializing SIMPLSharp Services...
11/29/2017 11:58:14 AM, Info: ProjectInfo successfully initialized.
11/29/2017 11:58:18 AM, Info: Commiting verification transaction...
11/29/2017 11:58:18 AM, Info: Saving project information...
11/29/2017 12:06:26 PM, Info: Initializing SIMPLSharp Services...
11/29/2017 12:06:26 PM, Info: ProjectInfo successfully initialized.
11/29/2017 12:06:31 PM, Info: Commiting verification transaction...
11/29/2017 12:06:31 PM, Info: Saving project information...
11/29/2017 12:53:28 PM, Info: Initializing SIMPLSharp Services...
11/29/2017 12:53:28 PM, Info: ProjectInfo successfully initialized.
11/29/2017 12:53:33 PM, Info: Commiting verification transaction...
11/29/2017 12:53:33 PM, Info: Saving project information...
11/29/2017 3:15:53 PM, Info: Terminating SIMPLSharp Services
11/29/2017 3:15:53 PM, Info: Saving project information...
11/29/2017 3:15:53 PM, Info: Terminating SIMPLSharp Services
11/29/2017 3:15:53 PM, Info: Saving project information...
11/29/2017 3:15:53 PM, Info: Terminating SIMPLSharp Services
11/29/2017 3:15:53 PM, Info: Saving project information...
11/29/2017 3:15:53 PM, Info: Terminating SIMPLSharp Services
11/29/2017 3:15:53 PM, Info: Saving project information...
11/29/2017 3:15:53 PM, Info: Terminating SIMPLSharp Services
11/29/2017 3:15:53 PM, Info: Saving project information...
11/29/2017 3:15:53 PM, Info: Terminating SIMPLSharp Services
11/29/2017 3:15:53 PM, Info: Saving project information...
11/29/2017 3:15:53 PM, Info: Terminating SIMPLSharp Services
11/29/2017 3:15:53 PM, Info: Saving project information...
11/29/2017 3:15:53 PM, Info: Terminating SIMPLSharp Services
11/29/2017 3:15:53 PM, Info: Saving project information...
11/29/2017 3:15:53 PM, Info: Terminating SIMPLSharp Services
11/29/2017 3:15:53 PM, Info: Saving project information...
11/29/2017 3:15:53 PM, Info: Terminating SIMPLSharp Services
11/29/2017 3:15:53 PM, Info: Saving project information...
11/29/2017 3:15:53 PM, Info: Terminating SIMPLSharp Services
