4/10/2017 9:25:47 AM, Info: Initializing SIMPLSharp Services...
4/10/2017 9:25:47 AM, Info: ProjectInfo successfully initialized.
4/10/2017 9:25:51 AM, Info: Commiting verification transaction...
4/10/2017 9:25:51 AM, Info: Saving project information...
4/10/2017 9:27:03 AM, Info: Initializing SIMPLSharp Services...
4/10/2017 9:27:03 AM, Info: ProjectInfo successfully initialized.
4/10/2017 9:27:06 AM, Info: Commiting verification transaction...
4/10/2017 9:27:06 AM, Info: Saving project information...
4/10/2017 11:16:06 AM, Info: Initializing SIMPLSharp Services...
4/10/2017 11:16:06 AM, Info: ProjectInfo successfully initialized.
4/10/2017 11:16:10 AM, Info: Commiting verification transaction...
4/10/2017 11:16:10 AM, Info: Saving project information...
4/10/2017 11:16:41 AM, Info: Initializing SIMPLSharp Services...
4/10/2017 11:16:41 AM, Info: ProjectInfo successfully initialized.
4/10/2017 11:16:45 AM, Info: Commiting verification transaction...
4/10/2017 11:16:45 AM, Info: Saving project information...
4/10/2017 11:17:02 AM, Info: Initializing SIMPLSharp Services...
4/10/2017 11:17:02 AM, Info: ProjectInfo successfully initialized.
4/10/2017 11:17:05 AM, Info: Commiting verification transaction...
4/10/2017 11:17:05 AM, Info: Saving project information...
4/10/2017 11:21:34 AM, Info: Initializing SIMPLSharp Services...
4/10/2017 11:21:34 AM, Info: ProjectInfo successfully initialized.
4/10/2017 11:21:38 AM, Info: Commiting verification transaction...
4/10/2017 11:21:38 AM, Info: Saving project information...
4/10/2017 11:50:05 AM, Info: Initializing SIMPLSharp Services...
4/10/2017 11:50:05 AM, Info: ProjectInfo successfully initialized.
4/10/2017 11:50:08 AM, Info: Commiting verification transaction...
4/10/2017 11:50:08 AM, Info: Saving project information...
4/10/2017 11:53:07 AM, Info: Initializing SIMPLSharp Services...
4/10/2017 11:53:07 AM, Info: ProjectInfo successfully initialized.
4/10/2017 11:53:10 AM, Info: Commiting verification transaction...
4/10/2017 11:53:10 AM, Info: Saving project information...
4/10/2017 11:56:05 AM, Info: Initializing SIMPLSharp Services...
4/10/2017 11:56:05 AM, Info: ProjectInfo successfully initialized.
4/10/2017 11:56:08 AM, Info: Commiting verification transaction...
4/10/2017 11:56:08 AM, Info: Saving project information...
4/10/2017 11:56:54 AM, Info: Initializing SIMPLSharp Services...
4/10/2017 11:56:54 AM, Info: ProjectInfo successfully initialized.
4/10/2017 11:56:57 AM, Info: Commiting verification transaction...
4/10/2017 11:56:57 AM, Info: Saving project information...
4/10/2017 11:57:27 AM, Info: Initializing SIMPLSharp Services...
4/10/2017 11:57:27 AM, Info: ProjectInfo successfully initialized.
4/10/2017 11:57:30 AM, Info: Commiting verification transaction...
4/10/2017 11:57:30 AM, Info: Saving project information...
4/10/2017 12:07:18 PM, Info: Initializing SIMPLSharp Services...
4/10/2017 12:07:18 PM, Info: ProjectInfo successfully initialized.
4/10/2017 12:07:21 PM, Info: Commiting verification transaction...
4/10/2017 12:07:21 PM, Info: Saving project information...
4/10/2017 12:15:28 PM, Info: Initializing SIMPLSharp Services...
4/10/2017 12:15:28 PM, Info: ProjectInfo successfully initialized.
4/10/2017 12:15:31 PM, Info: Commiting verification transaction...
4/10/2017 12:15:31 PM, Info: Saving project information...
4/10/2017 12:15:35 PM, Info: Terminating SIMPLSharp Services
4/10/2017 12:15:35 PM, Info: Saving project information...
4/10/2017 12:15:35 PM, Info: Terminating SIMPLSharp Services
4/10/2017 12:15:35 PM, Info: Saving project information...
4/10/2017 12:15:35 PM, Info: Terminating SIMPLSharp Services
4/10/2017 12:15:35 PM, Info: Saving project information...
4/10/2017 12:15:35 PM, Info: Terminating SIMPLSharp Services
4/10/2017 12:15:35 PM, Info: Saving project information...
4/10/2017 12:15:35 PM, Info: Terminating SIMPLSharp Services
4/10/2017 12:15:35 PM, Info: Saving project information...
4/10/2017 12:15:35 PM, Info: Terminating SIMPLSharp Services
4/10/2017 12:15:35 PM, Info: Saving project information...
4/10/2017 12:15:35 PM, Info: Terminating SIMPLSharp Services
4/10/2017 12:15:35 PM, Info: Saving project information...
4/10/2017 12:15:35 PM, Info: Terminating SIMPLSharp Services
4/10/2017 12:15:35 PM, Info: Saving project information...
4/10/2017 12:15:35 PM, Info: Terminating SIMPLSharp Services
4/10/2017 12:15:35 PM, Info: Saving project information...
4/10/2017 12:15:35 PM, Info: Terminating SIMPLSharp Services
4/10/2017 12:15:35 PM, Info: Saving project information...
4/10/2017 12:15:35 PM, Info: Terminating SIMPLSharp Services
4/10/2017 12:15:35 PM, Info: Saving project information...
4/10/2017 12:15:35 PM, Info: Terminating SIMPLSharp Services
4/10/2017 12:15:35 PM, Info: Saving project information...
4/10/2017 12:15:35 PM, Info: Terminating SIMPLSharp Services
