2/13/2017 9:58:55 AM, Info: Initializing SIMPLSharp Services...
2/13/2017 9:58:55 AM, Info: ProjectInfo successfully initialized.
2/13/2017 9:59:04 AM, Info: Commiting verification transaction...
2/13/2017 9:59:04 AM, Info: Saving project information...
2/13/2017 10:58:14 AM, Info: Initializing SIMPLSharp Services...
2/13/2017 10:58:14 AM, Info: ProjectInfo successfully initialized.
2/13/2017 10:58:24 AM, Info: Commiting verification transaction...
2/13/2017 10:58:24 AM, Info: Saving project information...
2/13/2017 10:59:26 AM, Info: Initializing SIMPLSharp Services...
2/13/2017 10:59:26 AM, Info: ProjectInfo successfully initialized.
2/13/2017 10:59:35 AM, Info: Commiting verification transaction...
2/13/2017 10:59:35 AM, Info: Saving project information...
2/13/2017 11:01:52 AM, Info: Initializing SIMPLSharp Services...
2/13/2017 11:01:52 AM, Info: ProjectInfo successfully initialized.
2/13/2017 11:01:59 AM, Info: Commiting verification transaction...
2/13/2017 11:01:59 AM, Info: Saving project information...
2/13/2017 12:29:28 PM, Info: Initializing SIMPLSharp Services...
2/13/2017 12:29:28 PM, Info: ProjectInfo successfully initialized.
2/13/2017 12:29:36 PM, Info: Commiting verification transaction...
2/13/2017 12:29:36 PM, Info: Saving project information...
2/13/2017 12:32:51 PM, Info: Initializing SIMPLSharp Services...
2/13/2017 12:32:51 PM, Info: ProjectInfo successfully initialized.
2/13/2017 12:32:59 PM, Info: Commiting verification transaction...
2/13/2017 12:32:59 PM, Info: Saving project information...
2/13/2017 12:34:45 PM, Info: Initializing SIMPLSharp Services...
2/13/2017 12:34:45 PM, Info: ProjectInfo successfully initialized.
2/13/2017 12:34:52 PM, Info: Commiting verification transaction...
2/13/2017 12:34:52 PM, Info: Saving project information...
2/13/2017 12:35:40 PM, Info: Initializing SIMPLSharp Services...
2/13/2017 12:35:40 PM, Info: ProjectInfo successfully initialized.
2/13/2017 12:35:47 PM, Info: Commiting verification transaction...
2/13/2017 12:35:47 PM, Info: Saving project information...
2/13/2017 12:40:32 PM, Info: Initializing SIMPLSharp Services...
2/13/2017 12:40:32 PM, Info: ProjectInfo successfully initialized.
2/13/2017 12:40:40 PM, Info: Commiting verification transaction...
2/13/2017 12:40:40 PM, Info: Saving project information...
2/13/2017 12:40:47 PM, Info: Terminating SIMPLSharp Services
2/13/2017 12:40:47 PM, Info: Saving project information...
2/13/2017 12:40:47 PM, Info: Terminating SIMPLSharp Services
2/13/2017 12:40:47 PM, Info: Saving project information...
2/13/2017 12:40:47 PM, Info: Terminating SIMPLSharp Services
2/13/2017 12:40:47 PM, Info: Saving project information...
2/13/2017 12:40:47 PM, Info: Terminating SIMPLSharp Services
2/13/2017 12:40:47 PM, Info: Saving project information...
2/13/2017 12:40:47 PM, Info: Terminating SIMPLSharp Services
2/13/2017 12:40:47 PM, Info: Saving project information...
2/13/2017 12:40:47 PM, Info: Terminating SIMPLSharp Services
2/13/2017 12:40:47 PM, Info: Saving project information...
2/13/2017 12:40:47 PM, Info: Terminating SIMPLSharp Services
2/13/2017 12:40:47 PM, Info: Saving project information...
2/13/2017 12:40:47 PM, Info: Terminating SIMPLSharp Services
2/13/2017 12:40:47 PM, Info: Saving project information...
2/13/2017 12:40:47 PM, Info: Terminating SIMPLSharp Services
